<?xml version="1.0" encoding="UTF-8"?>
<testsuite xmlns:xsi="http://www.w3.org/2001/XMLSchema-instance" xsi:noNamespaceSchemaLocation="https://maven.apache.org/surefire/maven-surefire-plugin/xsd/surefire-test-report.xsd" version="3.0.2" name="com.cefii.learning.order_management.controller.DishControllerTest" time="0.628" tests="1" errors="0" skipped="0" failures="0">
  <properties>
[...]
</properties>
  <testcase name="shouldReturn200" classname="com.cefii.learning.order_management.controller.DishControllerTest" time="0.096">
    <system-out><![CDATA[2026-02-23T12:19:36.426+01:00  INFO 1611388 --- [order-management] [           main] t.c.s.AnnotationConfigContextLoaderUtils : Could not detect default configuration classes for test class [com.cefii.learning.order_management.controller.DishControllerTest]: DishControllerTest does not declare any static, non-private, non-final, nested classes annotated with @Configuration.
2026-02-23T12:19:36.445+01:00  INFO 1611388 --- [order-management] [           main] .b.t.c.SpringBootTestContextBootstrapper : Found @SpringBootConfiguration com.cefii.learning.order_management.OrderManagementApplication for test class com.cefii.learning.order_management.controller.DishControllerTest

  .   ____          _            __ _ _
 /\\ / ___'_ __ _ _(_)_ __  __ _ \ \ \ \
( ( )\___ | '_ | '_| | '_ \/ _` | \ \ \ \
 \\/  ___)| |_)| | | | | || (_| |  ) ) ) )
  '  |____| .__|_| |_|_| |_\__, | / / / /
 =========|_|==============|___/=/_/_/_/

 :: Spring Boot ::                (v4.0.2)

2026-02-23T12:19:36.473+01:00  INFO 1611388 --- [order-management] [           main] c.c.l.o.controller.DishControllerTest    : Starting DishControllerTest using Java 21.0.10-ea with PID 1611388 (started by mejer1 in /home/mejer1/Bureau/order-app/back)
2026-02-23T12:19:36.474+01:00  INFO 1611388 --- [order-management] [           main] c.c.l.o.controller.DishControllerTest    : The following 1 profile is active: "test"
2026-02-23T12:19:36.829+01:00  WARN 1611388 --- [order-management] [           main] .s.a.UserDetailsServiceAutoConfiguration : 

Using generated security password: 7a1105fe-dba1-4f2f-bfd4-aea13aff9860

This generated password is for development use only. Your security configuration must be updated before running your application in production.

2026-02-23T12:19:36.849+01:00  INFO 1611388 --- [order-management] [           main] r$InitializeUserDetailsManagerConfigurer : Global AuthenticationManager configured with UserDetailsService bean with name inMemoryUserDetailsManager
2026-02-23T12:19:36.925+01:00  INFO 1611388 --- [order-management] [           main] o.s.b.t.m.w.SpringBootMockServletContext : Initializing Spring TestDispatcherServlet ''
2026-02-23T12:19:36.925+01:00  INFO 1611388 --- [order-management] [           main] o.s.t.web.servlet.TestDispatcherServlet  : Initializing Servlet ''
2026-02-23T12:19:36.927+01:00  INFO 1611388 --- [order-management] [           main] o.s.t.web.servlet.TestDispatcherServlet  : Completed initialization in 2 ms
2026-02-23T12:19:36.944+01:00  INFO 1611388 --- [order-management] [           main] c.c.l.o.controller.DishControllerTest    : Started DishControllerTest in 0.493 seconds (process running for 11.634)
]]></system-out>
  </testcase>
</testsuite>